<?xml version="1.0" encoding="UTF-8"?>
<coverage generated="1733428962696" clover="3.2.0">
  <project timestamp="1733428962696" name="All files">
    <metrics statements="24" coveredstatements="24" conditionals="2" coveredconditionals="2" methods="9" coveredmethods="9" elements="35" coveredelements="35" complexity="0" loc="24" ncloc="24" packages="1" files="1" classes="1"/>
    <file name="store.js" path="/home/balde/www/pipeline_production/react-ejs-app-whispers/store.js">
      <metrics statements="24" coveredstatements="24" conditionals="2" coveredconditionals="2" methods="9" coveredmethods="9"/>
      <line num="4" count="1" type="stmt"/>
      <line num="5" count="8" type="stmt"/>
      <line num="6" count="1" type="stmt"/>
      <line num="7" count="15" type="stmt"/>
      <line num="8" count="15" type="stmt"/>
      <line num="10" count="1" type="stmt"/>
      <line num="11" count="1" type="stmt"/>
      <line num="12" count="4" type="stmt"/>
      <line num="13" count="7" type="stmt"/>
      <line num="15" count="1" type="stmt"/>
      <line num="16" count="2" type="stmt"/>
      <line num="17" count="2" type="stmt"/>
      <line num="18" count="2" type="stmt"/>
      <line num="19" count="2" type="stmt"/>
      <line num="21" count="1" type="stmt"/>
      <line num="22" count="3" type="stmt"/>
      <line num="23" count="3" type="stmt"/>
      <line num="24" count="6" type="cond" truecount="2" falsecount="0"/>
      <line num="25" count="2" type="stmt"/>
      <line num="27" count="4" type="stmt"/>
      <line num="29" count="3" type="stmt"/>
      <line num="31" count="1" type="stmt"/>
      <line num="32" count="3" type="stmt"/>
      <line num="33" count="6" type="stmt"/>
    </file>
  </project>
</coverage>
