{"/Users/omnyazer/react-ejs-app-whispers/store.js": {"path":"/Users/omnyazer/react-ejs-app-whispers/store.js","statementMap":{"0":{"start":{"line":4,"column":17},"end":{"line":4,"column":52}},"1":{"start":{"line":5,"column":20},"end":{"line":5,"column":74}},"2":{"start":{"line":5,"column":30},"end":{"line":5,"column":74}},"3":{"start":{"line":6,"column":17},"end":{"line":9,"column":1}},"4":{"start":{"line":7,"column":15},"end":{"line":7,"column":51}},"5":{"start":{"line":8,"column":2},"end":{"line":8,"column":26}},"6":{"start":{"line":10,"column":15},"end":{"line":10,"column":23}},"7":{"start":{"line":11,"column":16},"end":{"line":14,"column":1}},"8":{"start":{"line":12,"column":15},"end":{"line":12,"column":31}},"9":{"start":{"line":13,"column":2},"end":{"line":13,"column":45}},"10":{"start":{"line":13,"column":29},"end":{"line":13,"column":43}},"11":{"start":{"line":15,"column":15},"end":{"line":20,"column":1}},"12":{"start":{"line":16,"column":15},"end":{"line":16,"column":31}},"13":{"start":{"line":17,"column":18},"end":{"line":17,"column":50}},"14":{"start":{"line":18,"column":2},"end":{"line":18,"column":44}},"15":{"start":{"line":19,"column":2},"end":{"line":19,"column":17}},"16":{"start":{"line":21,"column":19},"end":{"line":30,"column":1}},"17":{"start":{"line":22,"column":15},"end":{"line":22,"column":31}},"18":{"start":{"line":23,"column":18},"end":{"line":28,"column":4}},"19":{"start":{"line":24,"column":4},"end":{"line":26,"column":5}},"20":{"start":{"line":25,"column":6},"end":{"line":25,"column":37}},"21":{"start":{"line":27,"column":4},"end":{"line":27,"column":19}},"22":{"start":{"line":29,"column":2},"end":{"line":29,"column":29}},"23":{"start":{"line":31,"column":19},"end":{"line":34,"column":1}},"24":{"start":{"line":32,"column":15},"end":{"line":32,"column":31}},"25":{"start":{"line":33,"column":2},"end":{"line":33,"column":65}},"26":{"start":{"line":33,"column":45},"end":{"line":33,"column":62}}},"fnMap":{"0":{"name":"(anonymous_0)","decl":{"start":{"line":5,"column":20},"end":{"line":5,"column":21}},"loc":{"start":{"line":5,"column":30},"end":{"line":5,"column":74}},"line":5},"1":{"name":"(anonymous_1)","decl":{"start":{"line":6,"column":17},"end":{"line":6,"column":18}},"loc":{"start":{"line":6,"column":29},"end":{"line":9,"column":1}},"line":6},"2":{"name":"(anonymous_2)","decl":{"start":{"line":11,"column":16},"end":{"line":11,"column":17}},"loc":{"start":{"line":11,"column":30},"end":{"line":14,"column":1}},"line":11},"3":{"name":"(anonymous_3)","decl":{"start":{"line":13,"column":19},"end":{"line":13,"column":20}},"loc":{"start":{"line":13,"column":29},"end":{"line":13,"column":43}},"line":13},"4":{"name":"(anonymous_4)","decl":{"start":{"line":15,"column":15},"end":{"line":15,"column":16}},"loc":{"start":{"line":15,"column":34},"end":{"line":20,"column":1}},"line":15},"5":{"name":"(anonymous_5)","decl":{"start":{"line":21,"column":19},"end":{"line":21,"column":20}},"loc":{"start":{"line":21,"column":42},"end":{"line":30,"column":1}},"line":21},"6":{"name":"(anonymous_6)","decl":{"start":{"line":23,"column":27},"end":{"line":23,"column":28}},"loc":{"start":{"line":23,"column":40},"end":{"line":28,"column":3}},"line":23},"7":{"name":"(anonymous_7)","decl":{"start":{"line":31,"column":19},"end":{"line":31,"column":20}},"loc":{"start":{"line":31,"column":33},"end":{"line":34,"column":1}},"line":31},"8":{"name":"(anonymous_8)","decl":{"start":{"line":33,"column":32},"end":{"line":33,"column":33}},"loc":{"start":{"line":33,"column":45},"end":{"line":33,"column":62}},"line":33}},"branchMap":{"0":{"loc":{"start":{"line":24,"column":4},"end":{"line":26,"column":5}},"type":"if","locations":[{"start":{"line":24,"column":4},"end":{"line":26,"column":5}},{"start":{},"end":{}}],"line":24}},"s":{"0":1,"1":1,"2":8,"3":1,"4":15,"5":15,"6":1,"7":1,"8":4,"9":4,"10":7,"11":1,"12":2,"13":2,"14":2,"15":2,"16":1,"17":3,"18":3,"19":6,"20":2,"21":4,"22":3,"23":1,"24":3,"25":3,"26":6},"f":{"0":8,"1":15,"2":4,"3":7,"4":2,"5":3,"6":6,"7":3,"8":6},"b":{"0":[2,4]},"_coverageSchema":"1a1c01bbd47fc00a2c39e90264f33305004495a9","hash":"90b640e3fb9e886ca7dc7af3f5dc4d816728dbbf"}
}
