TN:
SF:store.js
FN:5,(anonymous_0)
FN:6,(anonymous_1)
FN:11,(anonymous_2)
FN:13,(anonymous_3)
FN:15,(anonymous_4)
FN:21,(anonymous_5)
FN:23,(anonymous_6)
FN:31,(anonymous_7)
FN:33,(anonymous_8)
FNF:9
FNH:9
FNDA:8,(anonymous_0)
FNDA:15,(anonymous_1)
FNDA:4,(anonymous_2)
FNDA:7,(anonymous_3)
FNDA:2,(anonymous_4)
FNDA:3,(anonymous_5)
FNDA:6,(anonymous_6)
FNDA:3,(anonymous_7)
FNDA:6,(anonymous_8)
DA:4,1
DA:5,8
DA:6,1
DA:7,15
DA:8,15
DA:10,1
DA:11,1
DA:12,4
DA:13,7
DA:15,1
DA:16,2
DA:17,2
DA:18,2
DA:19,2
DA:21,1
DA:22,3
DA:23,3
DA:24,6
DA:25,2
DA:27,4
DA:29,3
DA:31,1
DA:32,3
DA:33,6
LF:24
LH:24
BRDA:24,0,0,2
BRDA:24,0,1,4
BRF:2
BRH:2
end_of_record
